[debug] [2025-06-03T20:19:22.615Z] ----------------------------------------------------------------------
[debug] [2025-06-03T20:19:22.617Z] Command:       C:\Program Files\nodejs\node.exe C:\Users\Utilisateur\AppData\Roaming\npm\node_modules\firebase-tools\lib\bin\firebase.js deploy --only functions
[debug] [2025-06-03T20:19:22.617Z] CLI Version:   14.5.1
[debug] [2025-06-03T20:19:22.617Z] Platform:      win32
[debug] [2025-06-03T20:19:22.617Z] Node Version:  v22.13.1
[debug] [2025-06-03T20:19:22.618Z] Time:          Tue Jun 03 2025 22:19:22 GMT+0200 (heure d’été d’Europe centrale)
[debug] [2025-06-03T20:19:22.618Z] ----------------------------------------------------------------------
[debug] 
[debug] [2025-06-03T20:19:22.820Z] > command requires scopes: ["email","openid","https://www.googleapis.com/auth/cloudplatformprojects.readonly","https://www.googleapis.com/auth/firebase","https://www.googleapis.com/auth/cloud-platform"]
[debug] [2025-06-03T20:19:22.820Z] > authorizing via signed-in user (barryclashofclan@gmail.com)
[debug] [2025-06-03T20:19:22.820Z] [iam] checking project nicolepages-website for permissions ["cloudfunctions.functions.create","cloudfunctions.functions.delete","cloudfunctions.functions.get","cloudfunctions.functions.list","cloudfunctions.functions.update","cloudfunctions.operations.get","firebase.projects.get"]
[debug] [2025-06-03T20:19:22.821Z] Checked if tokens are valid: true, expires at: 1748983860282
[debug] [2025-06-03T20:19:22.821Z] Checked if tokens are valid: true, expires at: 1748983860282
[debug] [2025-06-03T20:19:22.822Z] >>> [apiv2][query] POST https://cloudresourcemanager.googleapis.com/v1/projects/nicolepages-website:testIamPermissions [none]
[debug] [2025-06-03T20:19:22.822Z] >>> [apiv2][(partial)header] POST https://cloudresourcemanager.googleapis.com/v1/projects/nicolepages-website:testIamPermissions x-goog-quota-user=projects/nicolepages-website
[debug] [2025-06-03T20:19:22.823Z] >>> [apiv2][body] POST https://cloudresourcemanager.googleapis.com/v1/projects/nicolepages-website:testIamPermissions {"permissions":["cloudfunctions.functions.create","cloudfunctions.functions.delete","cloudfunctions.functions.get","cloudfunctions.functions.list","cloudfunctions.functions.update","cloudfunctions.operations.get","firebase.projects.get"]}
[debug] [2025-06-03T20:19:23.530Z] <<< [apiv2][status] POST https://cloudresourcemanager.googleapis.com/v1/projects/nicolepages-website:testIamPermissions 200
[debug] [2025-06-03T20:19:23.530Z] <<< [apiv2][body] POST https://cloudresourcemanager.googleapis.com/v1/projects/nicolepages-website:testIamPermissions {"permissions":["cloudfunctions.functions.create","cloudfunctions.functions.delete","cloudfunctions.functions.get","cloudfunctions.functions.list","cloudfunctions.functions.update","cloudfunctions.operations.get","firebase.projects.get"]}
[debug] [2025-06-03T20:19:23.531Z] Checked if tokens are valid: true, expires at: 1748983860282
[debug] [2025-06-03T20:19:23.531Z] Checked if tokens are valid: true, expires at: 1748983860282
[debug] [2025-06-03T20:19:23.531Z] >>> [apiv2][query] POST https://iam.googleapis.com/v1/projects/nicolepages-website/serviceAccounts/nicolepages-website@appspot.gserviceaccount.com:testIamPermissions [none]
[debug] [2025-06-03T20:19:23.531Z] >>> [apiv2][body] POST https://iam.googleapis.com/v1/projects/nicolepages-website/serviceAccounts/nicolepages-website@appspot.gserviceaccount.com:testIamPermissions {"permissions":["iam.serviceAccounts.actAs"]}
[debug] [2025-06-03T20:19:24.165Z] <<< [apiv2][status] POST https://iam.googleapis.com/v1/projects/nicolepages-website/serviceAccounts/nicolepages-website@appspot.gserviceaccount.com:testIamPermissions 200
[debug] [2025-06-03T20:19:24.165Z] <<< [apiv2][body] POST https://iam.googleapis.com/v1/projects/nicolepages-website/serviceAccounts/nicolepages-website@appspot.gserviceaccount.com:testIamPermissions {"permissions":["iam.serviceAccounts.actAs"]}
[info] 
[info] === Deploying to 'nicolepages-website'...
[info] 
[info] i  deploying functions 
[debug] [2025-06-03T20:19:24.169Z] Checked if tokens are valid: true, expires at: 1748983860282
[debug] [2025-06-03T20:19:24.169Z] Checked if tokens are valid: true, expires at: 1748983860282
[debug] [2025-06-03T20:19:24.169Z] >>> [apiv2][query] GET https://serviceusage.googleapis.com/v1/projects/nicolepages-website/services/cloudresourcemanager.googleapis.com [none]
[debug] [2025-06-03T20:19:24.169Z] >>> [apiv2][(partial)header] GET https://serviceusage.googleapis.com/v1/projects/nicolepages-website/services/cloudresourcemanager.googleapis.com x-goog-quota-user=projects/nicolepages-website
[debug] [2025-06-03T20:19:25.083Z] <<< [apiv2][status] GET https://serviceusage.googleapis.com/v1/projects/nicolepages-website/services/cloudresourcemanager.googleapis.com 200
[debug] [2025-06-03T20:19:25.084Z] <<< [apiv2][body] GET https://serviceusage.googleapis.com/v1/projects/nicolepages-website/services/cloudresourcemanager.googleapis.com [omitted]
[debug] [2025-06-03T20:19:25.085Z] Checked if tokens are valid: true, expires at: 1748983860282
[debug] [2025-06-03T20:19:25.085Z] Checked if tokens are valid: true, expires at: 1748983860282
[debug] [2025-06-03T20:19:25.085Z] >>> [apiv2][query] GET https://cloudresourcemanager.googleapis.com/v1/projects/nicolepages-website [none]
[debug] [2025-06-03T20:19:25.305Z] <<< [apiv2][status] GET https://cloudresourcemanager.googleapis.com/v1/projects/nicolepages-website 200
[debug] [2025-06-03T20:19:25.305Z] <<< [apiv2][body] GET https://cloudresourcemanager.googleapis.com/v1/projects/nicolepages-website {"projectNumber":"214671891231","projectId":"nicolepages-website","lifecycleState":"ACTIVE","name":"NicolePages-website","labels":{"firebase":"enabled","firebase-core":"disabled"},"createTime":"2025-02-22T11:40:01.703852Z"}
[info] i  functions: preparing codebase default for deployment 
[info] i  functions: ensuring required API cloudfunctions.googleapis.com is enabled... 
[debug] [2025-06-03T20:19:25.311Z] Checked if tokens are valid: true, expires at: 1748983860282
[debug] [2025-06-03T20:19:25.311Z] Checked if tokens are valid: true, expires at: 1748983860282
[debug] [2025-06-03T20:19:25.312Z] Checked if tokens are valid: true, expires at: 1748983860282
[debug] [2025-06-03T20:19:25.312Z] Checked if tokens are valid: true, expires at: 1748983860282
[info] i  functions: ensuring required API cloudbuild.googleapis.com is enabled... 
[debug] [2025-06-03T20:19:25.313Z] Checked if tokens are valid: true, expires at: 1748983860282
[debug] [2025-06-03T20:19:25.314Z] Checked if tokens are valid: true, expires at: 1748983860282
[info] i  artifactregistry: ensuring required API artifactregistry.googleapis.com is enabled... 
[debug] [2025-06-03T20:19:25.315Z] Checked if tokens are valid: true, expires at: 1748983860282
[debug] [2025-06-03T20:19:25.315Z] Checked if tokens are valid: true, expires at: 1748983860282
[debug] [2025-06-03T20:19:25.316Z] >>> [apiv2][query] GET https://serviceusage.googleapis.com/v1/projects/nicolepages-website/services/cloudfunctions.googleapis.com [none]
[debug] [2025-06-03T20:19:25.316Z] >>> [apiv2][(partial)header] GET https://serviceusage.googleapis.com/v1/projects/nicolepages-website/services/cloudfunctions.googleapis.com x-goog-quota-user=projects/nicolepages-website
[debug] [2025-06-03T20:19:25.318Z] >>> [apiv2][query] GET https://serviceusage.googleapis.com/v1/projects/nicolepages-website/services/runtimeconfig.googleapis.com [none]
[debug] [2025-06-03T20:19:25.318Z] >>> [apiv2][(partial)header] GET https://serviceusage.googleapis.com/v1/projects/nicolepages-website/services/runtimeconfig.googleapis.com x-goog-quota-user=projects/nicolepages-website
[debug] [2025-06-03T20:19:25.326Z] >>> [apiv2][query] GET https://serviceusage.googleapis.com/v1/projects/nicolepages-website/services/cloudbuild.googleapis.com [none]
[debug] [2025-06-03T20:19:25.326Z] >>> [apiv2][(partial)header] GET https://serviceusage.googleapis.com/v1/projects/nicolepages-website/services/cloudbuild.googleapis.com x-goog-quota-user=projects/nicolepages-website
[debug] [2025-06-03T20:19:25.331Z] >>> [apiv2][query] GET https://serviceusage.googleapis.com/v1/projects/nicolepages-website/services/artifactregistry.googleapis.com [none]
[debug] [2025-06-03T20:19:25.332Z] >>> [apiv2][(partial)header] GET https://serviceusage.googleapis.com/v1/projects/nicolepages-website/services/artifactregistry.googleapis.com x-goog-quota-user=projects/nicolepages-website
[debug] [2025-06-03T20:19:25.853Z] <<< [apiv2][status] GET https://serviceusage.googleapis.com/v1/projects/nicolepages-website/services/artifactregistry.googleapis.com 200
[debug] [2025-06-03T20:19:25.854Z] <<< [apiv2][body] GET https://serviceusage.googleapis.com/v1/projects/nicolepages-website/services/artifactregistry.googleapis.com [omitted]
[info] +  artifactregistry: required API artifactregistry.googleapis.com is enabled 
[debug] [2025-06-03T20:19:25.860Z] <<< [apiv2][status] GET https://serviceusage.googleapis.com/v1/projects/nicolepages-website/services/cloudbuild.googleapis.com 200
[debug] [2025-06-03T20:19:25.861Z] <<< [apiv2][body] GET https://serviceusage.googleapis.com/v1/projects/nicolepages-website/services/cloudbuild.googleapis.com [omitted]
[info] +  functions: required API cloudbuild.googleapis.com is enabled 
[debug] [2025-06-03T20:19:26.203Z] <<< [apiv2][status] GET https://serviceusage.googleapis.com/v1/projects/nicolepages-website/services/cloudfunctions.googleapis.com 200
[debug] [2025-06-03T20:19:26.204Z] <<< [apiv2][body] GET https://serviceusage.googleapis.com/v1/projects/nicolepages-website/services/cloudfunctions.googleapis.com [omitted]
[info] +  functions: required API cloudfunctions.googleapis.com is enabled 
[debug] [2025-06-03T20:19:26.282Z] <<< [apiv2][status] GET https://serviceusage.googleapis.com/v1/projects/nicolepages-website/services/runtimeconfig.googleapis.com 200
[debug] [2025-06-03T20:19:26.283Z] <<< [apiv2][body] GET https://serviceusage.googleapis.com/v1/projects/nicolepages-website/services/runtimeconfig.googleapis.com [omitted]
[debug] [2025-06-03T20:19:26.283Z] Checked if tokens are valid: true, expires at: 1748983860282
[debug] [2025-06-03T20:19:26.284Z] Checked if tokens are valid: true, expires at: 1748983860282
[debug] [2025-06-03T20:19:26.284Z] >>> [apiv2][query] GET https://firebase.googleapis.com/v1beta1/projects/nicolepages-website/adminSdkConfig [none]
[debug] [2025-06-03T20:19:26.618Z] <<< [apiv2][status] GET https://firebase.googleapis.com/v1beta1/projects/nicolepages-website/adminSdkConfig 200
[debug] [2025-06-03T20:19:26.618Z] <<< [apiv2][body] GET https://firebase.googleapis.com/v1beta1/projects/nicolepages-website/adminSdkConfig {"projectId":"nicolepages-website","storageBucket":"nicolepages-website.firebasestorage.app"}
[debug] [2025-06-03T20:19:26.620Z] Checked if tokens are valid: true, expires at: 1748983860282
[debug] [2025-06-03T20:19:26.620Z] Checked if tokens are valid: true, expires at: 1748983860282
[debug] [2025-06-03T20:19:26.621Z] >>> [apiv2][query] GET https://runtimeconfig.googleapis.com/v1beta1/projects/nicolepages-website/configs [none]
[debug] [2025-06-03T20:19:26.955Z] <<< [apiv2][status] GET https://runtimeconfig.googleapis.com/v1beta1/projects/nicolepages-website/configs 200
[debug] [2025-06-03T20:19:26.956Z] <<< [apiv2][body] GET https://runtimeconfig.googleapis.com/v1beta1/projects/nicolepages-website/configs {"configs":[{"name":"projects/nicolepages-website/configs/gmail"}]}
[debug] [2025-06-03T20:19:26.957Z] Checked if tokens are valid: true, expires at: 1748983860282
[debug] [2025-06-03T20:19:26.958Z] Checked if tokens are valid: true, expires at: 1748983860282
[debug] [2025-06-03T20:19:26.958Z] >>> [apiv2][query] GET https://runtimeconfig.googleapis.com/v1beta1/projects/nicolepages-website/configs/gmail/variables [none]
[debug] [2025-06-03T20:19:27.258Z] <<< [apiv2][status] GET https://runtimeconfig.googleapis.com/v1beta1/projects/nicolepages-website/configs/gmail/variables 200
[debug] [2025-06-03T20:19:27.259Z] <<< [apiv2][body] GET https://runtimeconfig.googleapis.com/v1beta1/projects/nicolepages-website/configs/gmail/variables {"variables":[{"name":"projects/nicolepages-website/configs/gmail/variables/pass","updateTime":"2025-06-02T20:53:32.203010930Z"}]}
[debug] [2025-06-03T20:19:27.260Z] Checked if tokens are valid: true, expires at: 1748983860282
[debug] [2025-06-03T20:19:27.260Z] Checked if tokens are valid: true, expires at: 1748983860282
[debug] [2025-06-03T20:19:27.260Z] >>> [apiv2][query] GET https://runtimeconfig.googleapis.com/v1beta1/projects/nicolepages-website/configs/gmail/variables/pass [none]
[debug] [2025-06-03T20:19:27.494Z] <<< [apiv2][status] GET https://runtimeconfig.googleapis.com/v1beta1/projects/nicolepages-website/configs/gmail/variables/pass 200
[debug] [2025-06-03T20:19:27.494Z] <<< [apiv2][body] GET https://runtimeconfig.googleapis.com/v1beta1/projects/nicolepages-website/configs/gmail/variables/pass {"name":"projects/nicolepages-website/configs/gmail/variables/pass","updateTime":"2025-06-02T20:53:32.203010930Z","text":"qmcm mytf zmuo cvpq"}
[debug] [2025-06-03T20:19:27.501Z] Validating nodejs source
[warn] !  functions: package.json indicates an outdated version of firebase-functions. Please upgrade using npm install --save firebase-functions@latest in your functions directory. 
[warn] !  functions: Please note that there will be breaking changes when you upgrade. 
[debug] [2025-06-03T20:19:28.755Z] > [functions] package.json contents: {
  "name": "functions",
  "type": "module",
  "main": "lib/index.js",
  "engines": {
    "node": "20"
  },
  "scripts": {
    "build": "tsc",
    "build:watch": "tsc --watch",
    "deploy": "firebase deploy --only functions",
    "serve": "firebase emulators:start --only functions",
    "logs": "firebase functions:log"
  },
  "dependencies": {
    "cors": "^2.8.5",
    "express": "^5.1.0",
    "firebase-admin": "^12.6.0",
    "firebase-functions": "^5.1.1",
    "nodemailer": "^7.0.3"
  },
  "devDependencies": {
    "@types/cors": "^2.8.18",
    "@types/nodemailer": "^6.4.17",
    "typescript": "^5.7.3"
  },
  "private": true
}
[debug] [2025-06-03T20:19:28.755Z] Building nodejs source
[info] i  functions: Loading and analyzing source code for codebase default to determine what to deploy 
[debug] [2025-06-03T20:19:28.756Z] Could not find functions.yaml. Must use http discovery
[debug] [2025-06-03T20:19:28.769Z] Found firebase-functions binary at 'D:\Site_Nicole_Pages\website_front_end\functions\node_modules\.bin\firebase-functions'
[info] Serving at port 8772

[debug] [2025-06-03T20:19:29.817Z] Got response from /__/functions.yaml {"endpoints":{"sendMail":{"availableMemoryMb":256,"timeoutSeconds":10,"minInstances":null,"maxInstances":null,"ingressSettings":null,"concurrency":null,"serviceAccountEmail":null,"vpc":null,"platform":"gcfv2","region":["europe-west1"],"secretEnvironmentVariables":[{"key":"GMAIL_EMAIL"},{"key":"GMAIL_PASS"},{"key":"CONTACT_SECRET"}],"labels":{},"httpsTrigger":{},"entryPoint":"sendMail"}},"specVersion":"v1alpha1","requiredAPIs":[],"extensions":{},"params":[{"type":"secret","name":"GMAIL_EMAIL"},{"type":"secret","name":"GMAIL_PASS"},{"type":"secret","name":"CONTACT_SECRET"}]}
[info] i  extensions: ensuring required API firebaseextensions.googleapis.com is enabled... 
[debug] [2025-06-03T20:19:33.863Z] Checked if tokens are valid: true, expires at: 1748983860282
[debug] [2025-06-03T20:19:33.863Z] Checked if tokens are valid: true, expires at: 1748983860282
[debug] [2025-06-03T20:19:33.863Z] >>> [apiv2][query] GET https://serviceusage.googleapis.com/v1/projects/nicolepages-website/services/firebaseextensions.googleapis.com [none]
[debug] [2025-06-03T20:19:33.863Z] >>> [apiv2][(partial)header] GET https://serviceusage.googleapis.com/v1/projects/nicolepages-website/services/firebaseextensions.googleapis.com x-goog-quota-user=projects/nicolepages-website
[debug] [2025-06-03T20:19:34.647Z] <<< [apiv2][status] GET https://serviceusage.googleapis.com/v1/projects/nicolepages-website/services/firebaseextensions.googleapis.com 200
[debug] [2025-06-03T20:19:34.647Z] <<< [apiv2][body] GET https://serviceusage.googleapis.com/v1/projects/nicolepages-website/services/firebaseextensions.googleapis.com [omitted]
[info] +  extensions: required API firebaseextensions.googleapis.com is enabled 
[debug] [2025-06-03T20:19:34.648Z] > command requires scopes: ["email","openid","https://www.googleapis.com/auth/cloudplatformprojects.readonly","https://www.googleapis.com/auth/firebase","https://www.googleapis.com/auth/cloud-platform"]
[debug] [2025-06-03T20:19:34.648Z] > authorizing via signed-in user (barryclashofclan@gmail.com)
[debug] [2025-06-03T20:19:34.648Z] [iam] checking project nicolepages-website for permissions ["firebase.projects.get","firebaseextensions.instances.list"]
[debug] [2025-06-03T20:19:34.648Z] Checked if tokens are valid: true, expires at: 1748983860282
[debug] [2025-06-03T20:19:34.648Z] Checked if tokens are valid: true, expires at: 1748983860282
[debug] [2025-06-03T20:19:34.648Z] >>> [apiv2][query] POST https://cloudresourcemanager.googleapis.com/v1/projects/nicolepages-website:testIamPermissions [none]
[debug] [2025-06-03T20:19:34.648Z] >>> [apiv2][(partial)header] POST https://cloudresourcemanager.googleapis.com/v1/projects/nicolepages-website:testIamPermissions x-goog-quota-user=projects/nicolepages-website
[debug] [2025-06-03T20:19:34.648Z] >>> [apiv2][body] POST https://cloudresourcemanager.googleapis.com/v1/projects/nicolepages-website:testIamPermissions {"permissions":["firebase.projects.get","firebaseextensions.instances.list"]}
[debug] [2025-06-03T20:19:35.274Z] <<< [apiv2][status] POST https://cloudresourcemanager.googleapis.com/v1/projects/nicolepages-website:testIamPermissions 200
[debug] [2025-06-03T20:19:35.274Z] <<< [apiv2][body] POST https://cloudresourcemanager.googleapis.com/v1/projects/nicolepages-website:testIamPermissions {"permissions":["firebase.projects.get","firebaseextensions.instances.list"]}
[debug] [2025-06-03T20:19:35.274Z] Checked if tokens are valid: true, expires at: 1748983860282
[debug] [2025-06-03T20:19:35.274Z] Checked if tokens are valid: true, expires at: 1748983860282
[debug] [2025-06-03T20:19:35.274Z] >>> [apiv2][query] GET https://firebaseextensions.googleapis.com/v1beta/projects/nicolepages-website/instances pageSize=100&pageToken=
[debug] [2025-06-03T20:19:36.029Z] <<< [apiv2][status] GET https://firebaseextensions.googleapis.com/v1beta/projects/nicolepages-website/instances 200
[debug] [2025-06-03T20:19:36.029Z] <<< [apiv2][body] GET https://firebaseextensions.googleapis.com/v1beta/projects/nicolepages-website/instances {}
[debug] [2025-06-03T20:19:36.031Z] Checked if tokens are valid: true, expires at: 1748983860282
[debug] [2025-06-03T20:19:36.032Z] Checked if tokens are valid: true, expires at: 1748983860282
[debug] [2025-06-03T20:19:36.032Z] >>> [apiv2][query] GET https://secretmanager.googleapis.com/v1/projects/nicolepages-website/secrets/GMAIL_EMAIL [none]
[debug] [2025-06-03T20:19:36.248Z] <<< [apiv2][status] GET https://secretmanager.googleapis.com/v1/projects/nicolepages-website/secrets/GMAIL_EMAIL 200
[debug] [2025-06-03T20:19:36.249Z] <<< [apiv2][body] GET https://secretmanager.googleapis.com/v1/projects/nicolepages-website/secrets/GMAIL_EMAIL {"name":"projects/214671891231/secrets/GMAIL_EMAIL","replication":{"automatic":{}},"createTime":"2025-06-02T22:32:55.344798Z","labels":{"firebase-managed":"functions"},"etag":"\"16369e5860f727\""}
[debug] [2025-06-03T20:19:36.249Z] Checked if tokens are valid: true, expires at: 1748983860282
[debug] [2025-06-03T20:19:36.249Z] Checked if tokens are valid: true, expires at: 1748983860282
[debug] [2025-06-03T20:19:36.249Z] >>> [apiv2][query] GET https://secretmanager.googleapis.com/v1/projects/nicolepages-website/secrets/GMAIL_EMAIL/versions/latest [none]
[debug] [2025-06-03T20:19:36.403Z] <<< [apiv2][status] GET https://secretmanager.googleapis.com/v1/projects/nicolepages-website/secrets/GMAIL_EMAIL/versions/latest 200
[debug] [2025-06-03T20:19:36.403Z] <<< [apiv2][body] GET https://secretmanager.googleapis.com/v1/projects/nicolepages-website/secrets/GMAIL_EMAIL/versions/latest {"name":"projects/214671891231/secrets/GMAIL_EMAIL/versions/1","createTime":"2025-06-02T22:33:51.881326Z","state":"ENABLED","replicationStatus":{"automatic":{}},"etag":"\"16369e5bb9846e\""}
[debug] [2025-06-03T20:19:36.403Z] Checked if tokens are valid: true, expires at: 1748983860282
[debug] [2025-06-03T20:19:36.403Z] Checked if tokens are valid: true, expires at: 1748983860282
[debug] [2025-06-03T20:19:36.403Z] >>> [apiv2][query] GET https://secretmanager.googleapis.com/v1/projects/nicolepages-website/secrets/GMAIL_PASS [none]
[debug] [2025-06-03T20:19:36.567Z] <<< [apiv2][status] GET https://secretmanager.googleapis.com/v1/projects/nicolepages-website/secrets/GMAIL_PASS 200
[debug] [2025-06-03T20:19:36.567Z] <<< [apiv2][body] GET https://secretmanager.googleapis.com/v1/projects/nicolepages-website/secrets/GMAIL_PASS {"name":"projects/214671891231/secrets/GMAIL_PASS","replication":{"automatic":{}},"createTime":"2025-06-02T22:34:12.048020Z","labels":{"firebase-managed":"functions"},"etag":"\"16369e5cf91efd\""}
[debug] [2025-06-03T20:19:36.567Z] Checked if tokens are valid: true, expires at: 1748983860282
[debug] [2025-06-03T20:19:36.567Z] Checked if tokens are valid: true, expires at: 1748983860282
[debug] [2025-06-03T20:19:36.567Z] >>> [apiv2][query] GET https://secretmanager.googleapis.com/v1/projects/nicolepages-website/secrets/GMAIL_PASS/versions/latest [none]
[debug] [2025-06-03T20:19:36.723Z] <<< [apiv2][status] GET https://secretmanager.googleapis.com/v1/projects/nicolepages-website/secrets/GMAIL_PASS/versions/latest 200
[debug] [2025-06-03T20:19:36.723Z] <<< [apiv2][body] GET https://secretmanager.googleapis.com/v1/projects/nicolepages-website/secrets/GMAIL_PASS/versions/latest {"name":"projects/214671891231/secrets/GMAIL_PASS/versions/2","createTime":"2025-06-02T22:36:28.192311Z","state":"ENABLED","replicationStatus":{"automatic":{}},"etag":"\"16369e650aa237\""}
[debug] [2025-06-03T20:19:36.724Z] Checked if tokens are valid: true, expires at: 1748983860282
[debug] [2025-06-03T20:19:36.724Z] Checked if tokens are valid: true, expires at: 1748983860282
[debug] [2025-06-03T20:19:36.724Z] >>> [apiv2][query] GET https://secretmanager.googleapis.com/v1/projects/nicolepages-website/secrets/CONTACT_SECRET [none]
[debug] [2025-06-03T20:19:36.882Z] <<< [apiv2][status] GET https://secretmanager.googleapis.com/v1/projects/nicolepages-website/secrets/CONTACT_SECRET 200
[debug] [2025-06-03T20:19:36.882Z] <<< [apiv2][body] GET https://secretmanager.googleapis.com/v1/projects/nicolepages-website/secrets/CONTACT_SECRET {"name":"projects/214671891231/secrets/CONTACT_SECRET","replication":{"automatic":{}},"createTime":"2025-06-03T00:18:24.701204Z","labels":{"firebase-managed":"functions"},"etag":"\"16369fd1b3fedb\""}
[debug] [2025-06-03T20:19:36.882Z] Checked if tokens are valid: true, expires at: 1748983860282
[debug] [2025-06-03T20:19:36.882Z] Checked if tokens are valid: true, expires at: 1748983860282
[debug] [2025-06-03T20:19:36.882Z] >>> [apiv2][query] GET https://secretmanager.googleapis.com/v1/projects/nicolepages-website/secrets/CONTACT_SECRET/versions/latest [none]
[debug] [2025-06-03T20:19:37.027Z] <<< [apiv2][status] GET https://secretmanager.googleapis.com/v1/projects/nicolepages-website/secrets/CONTACT_SECRET/versions/latest 200
[debug] [2025-06-03T20:19:37.027Z] <<< [apiv2][body] GET https://secretmanager.googleapis.com/v1/projects/nicolepages-website/secrets/CONTACT_SECRET/versions/latest {"name":"projects/214671891231/secrets/CONTACT_SECRET/versions/1","createTime":"2025-06-03T00:18:28.073602Z","state":"ENABLED","replicationStatus":{"automatic":{}},"etag":"\"16369fd1d09c82\""}
[info] i  functions: preparing functions directory for uploading... 
[info] i  functions: packaged D:\Site_Nicole_Pages\website_front_end\functions (38.18 KB) for uploading 
[debug] [2025-06-03T20:19:37.075Z] Checked if tokens are valid: true, expires at: 1748983860282
[debug] [2025-06-03T20:19:37.075Z] Checked if tokens are valid: true, expires at: 1748983860282
[debug] [2025-06-03T20:19:37.075Z] >>> [apiv2][query] GET https://cloudfunctions.googleapis.com/v1/projects/nicolepages-website/locations/-/functions [none]
[debug] [2025-06-03T20:19:37.633Z] <<< [apiv2][status] GET https://cloudfunctions.googleapis.com/v1/projects/nicolepages-website/locations/-/functions 200
[debug] [2025-06-03T20:19:37.633Z] <<< [apiv2][body] GET https://cloudfunctions.googleapis.com/v1/projects/nicolepages-website/locations/-/functions {}
[debug] [2025-06-03T20:19:37.633Z] Checked if tokens are valid: true, expires at: 1748983860282
[debug] [2025-06-03T20:19:37.633Z] Checked if tokens are valid: true, expires at: 1748983860282
[debug] [2025-06-03T20:19:37.633Z] >>> [apiv2][query] GET https://cloudfunctions.googleapis.com/v2/projects/nicolepages-website/locations/-/functions filter=environment%3D%22GEN_2%22
[debug] [2025-06-03T20:19:38.571Z] <<< [apiv2][status] GET https://cloudfunctions.googleapis.com/v2/projects/nicolepages-website/locations/-/functions 200
[debug] [2025-06-03T20:19:38.571Z] <<< [apiv2][body] GET https://cloudfunctions.googleapis.com/v2/projects/nicolepages-website/locations/-/functions {"functions":[{"name":"projects/nicolepages-website/locations/europe-west1/functions/sendMail","buildConfig":{"build":"projects/214671891231/locations/europe-west1/builds/d27f9075-488c-4236-80b9-5996efa4406f","runtime":"nodejs20","entryPoint":"sendMail","source":{"storageSource":{"bucket":"gcf-v2-sources-214671891231-europe-west1","object":"sendMail/function-source.zip","generation":"1748981815849228"}},"environmentVariables":{"GOOGLE_NODE_RUN_SCRIPTS":""},"dockerRepository":"projects/nicolepages-website/locations/europe-west1/repositories/gcf-artifacts","sourceProvenance":{"resolvedStorageSource":{"bucket":"gcf-v2-sources-214671891231-europe-west1","object":"sendMail/function-source.zip","generation":"1748981815849228"}},"dockerRegistry":"ARTIFACT_REGISTRY","serviceAccount":"projects/nicolepages-website/serviceAccounts/214671891231-compute@developer.gserviceaccount.com","automaticUpdatePolicy":{}},"serviceConfig":{"service":"projects/nicolepages-website/locations/europe-west1/services/sendmail","timeoutSeconds":10,"environmentVariables":{"FIREBASE_CONFIG":"{\"projectId\":\"nicolepages-website\",\"storageBucket\":\"nicolepages-website.firebasestorage.app\"}","GCLOUD_PROJECT":"nicolepages-website","EVENTARC_CLOUD_EVENT_SOURCE":"projects/nicolepages-website/locations/europe-west1/services/sendMail","FUNCTION_TARGET":"sendMail","LOG_EXECUTION_ID":"true"},"maxInstanceCount":40,"ingressSettings":"ALLOW_ALL","uri":"https://sendmail-kxrvy7yceq-ew.a.run.app","serviceAccountEmail":"214671891231-compute@developer.gserviceaccount.com","availableMemory":"256Mi","allTrafficOnLatestRevision":true,"secretEnvironmentVariables":[{"key":"GMAIL_EMAIL","projectId":"nicolepages-website","secret":"GMAIL_EMAIL","version":"1"},{"key":"GMAIL_PASS","projectId":"nicolepages-website","secret":"GMAIL_PASS","version":"2"},{"key":"CONTACT_SECRET","projectId":"nicolepages-website","secret":"CONTACT_SECRET","version":"1"}],"revision":"sendmail-00015-xep","maxInstanceRequestConcurrency":80,"availableCpu":"1"},"state":"ACTIVE","updateTime":"2025-06-03T20:17:50.332322468Z","labels":{"deployment-tool":"cli-firebase","firebase-functions-hash":"c3af76d4bd4bd34eb8ae19135cd552663b961635"},"environment":"GEN_2","url":"https://europe-west1-nicolepages-website.cloudfunctions.net/sendMail","createTime":"2025-06-02T22:45:00.736727642Z","satisfiesPzi":true}]}
[info] i  functions: ensuring required API run.googleapis.com is enabled... 
[debug] [2025-06-03T20:19:38.580Z] Checked if tokens are valid: true, expires at: 1748983860282
[debug] [2025-06-03T20:19:38.580Z] Checked if tokens are valid: true, expires at: 1748983860282
[info] i  functions: ensuring required API eventarc.googleapis.com is enabled... 
[debug] [2025-06-03T20:19:38.581Z] Checked if tokens are valid: true, expires at: 1748983860282
[debug] [2025-06-03T20:19:38.581Z] Checked if tokens are valid: true, expires at: 1748983860282
[info] i  functions: ensuring required API pubsub.googleapis.com is enabled... 
[debug] [2025-06-03T20:19:38.582Z] Checked if tokens are valid: true, expires at: 1748983860282
[debug] [2025-06-03T20:19:38.582Z] Checked if tokens are valid: true, expires at: 1748983860282
[info] i  functions: ensuring required API storage.googleapis.com is enabled... 
[debug] [2025-06-03T20:19:38.582Z] Checked if tokens are valid: true, expires at: 1748983860282
[debug] [2025-06-03T20:19:38.583Z] Checked if tokens are valid: true, expires at: 1748983860282
[debug] [2025-06-03T20:19:38.583Z] >>> [apiv2][query] GET https://serviceusage.googleapis.com/v1/projects/214671891231/services/run.googleapis.com [none]
[debug] [2025-06-03T20:19:38.583Z] >>> [apiv2][(partial)header] GET https://serviceusage.googleapis.com/v1/projects/214671891231/services/run.googleapis.com x-goog-quota-user=projects/214671891231
[debug] [2025-06-03T20:19:38.584Z] >>> [apiv2][query] GET https://serviceusage.googleapis.com/v1/projects/214671891231/services/eventarc.googleapis.com [none]
[debug] [2025-06-03T20:19:38.584Z] >>> [apiv2][(partial)header] GET https://serviceusage.googleapis.com/v1/projects/214671891231/services/eventarc.googleapis.com x-goog-quota-user=projects/214671891231
[debug] [2025-06-03T20:19:38.586Z] >>> [apiv2][query] GET https://serviceusage.googleapis.com/v1/projects/214671891231/services/pubsub.googleapis.com [none]
[debug] [2025-06-03T20:19:38.587Z] >>> [apiv2][(partial)header] GET https://serviceusage.googleapis.com/v1/projects/214671891231/services/pubsub.googleapis.com x-goog-quota-user=projects/214671891231
[debug] [2025-06-03T20:19:38.589Z] >>> [apiv2][query] GET https://serviceusage.googleapis.com/v1/projects/214671891231/services/storage.googleapis.com [none]
[debug] [2025-06-03T20:19:38.589Z] >>> [apiv2][(partial)header] GET https://serviceusage.googleapis.com/v1/projects/214671891231/services/storage.googleapis.com x-goog-quota-user=projects/214671891231
[debug] [2025-06-03T20:19:39.195Z] <<< [apiv2][status] GET https://serviceusage.googleapis.com/v1/projects/214671891231/services/run.googleapis.com 200
[debug] [2025-06-03T20:19:39.195Z] <<< [apiv2][body] GET https://serviceusage.googleapis.com/v1/projects/214671891231/services/run.googleapis.com [omitted]
[info] +  functions: required API run.googleapis.com is enabled 
[debug] [2025-06-03T20:19:39.354Z] <<< [apiv2][status] GET https://serviceusage.googleapis.com/v1/projects/214671891231/services/eventarc.googleapis.com 200
[debug] [2025-06-03T20:19:39.354Z] <<< [apiv2][body] GET https://serviceusage.googleapis.com/v1/projects/214671891231/services/eventarc.googleapis.com [omitted]
[info] +  functions: required API eventarc.googleapis.com is enabled 
[debug] [2025-06-03T20:19:39.374Z] <<< [apiv2][status] GET https://serviceusage.googleapis.com/v1/projects/214671891231/services/storage.googleapis.com 200
[debug] [2025-06-03T20:19:39.374Z] <<< [apiv2][body] GET https://serviceusage.googleapis.com/v1/projects/214671891231/services/storage.googleapis.com [omitted]
[info] +  functions: required API storage.googleapis.com is enabled 
[debug] [2025-06-03T20:19:39.685Z] <<< [apiv2][status] GET https://serviceusage.googleapis.com/v1/projects/214671891231/services/pubsub.googleapis.com 200
[debug] [2025-06-03T20:19:39.685Z] <<< [apiv2][body] GET https://serviceusage.googleapis.com/v1/projects/214671891231/services/pubsub.googleapis.com [omitted]
[info] +  functions: required API pubsub.googleapis.com is enabled 
[info] i  functions: generating the service identity for pubsub.googleapis.com... 
[debug] [2025-06-03T20:19:39.688Z] Checked if tokens are valid: true, expires at: 1748983860282
[debug] [2025-06-03T20:19:39.688Z] Checked if tokens are valid: true, expires at: 1748983860282
[info] i  functions: generating the service identity for eventarc.googleapis.com... 
[debug] [2025-06-03T20:19:39.689Z] Checked if tokens are valid: true, expires at: 1748983860282
[debug] [2025-06-03T20:19:39.689Z] Checked if tokens are valid: true, expires at: 1748983860282
[debug] [2025-06-03T20:19:39.690Z] >>> [apiv2][query] POST https://serviceusage.googleapis.com/v1beta1/projects/214671891231/services/pubsub.googleapis.com:generateServiceIdentity [none]
[debug] [2025-06-03T20:19:39.690Z] >>> [apiv2][query] POST https://serviceusage.googleapis.com/v1beta1/projects/214671891231/services/eventarc.googleapis.com:generateServiceIdentity [none]
[debug] [2025-06-03T20:19:40.082Z] <<< [apiv2][status] POST https://serviceusage.googleapis.com/v1beta1/projects/214671891231/services/eventarc.googleapis.com:generateServiceIdentity 200
[debug] [2025-06-03T20:19:40.083Z] <<< [apiv2][body] POST https://serviceusage.googleapis.com/v1beta1/projects/214671891231/services/eventarc.googleapis.com:generateServiceIdentity {"name":"operations/finished.DONE_OPERATION","done":true,"response":{"@type":"type.googleapis.com/google.api.serviceusage.v1beta1.ServiceIdentity","email":"service-214671891231@gcp-sa-eventarc.iam.gserviceaccount.com","uniqueId":"103653302178017687128"}}
[debug] [2025-06-03T20:19:40.425Z] <<< [apiv2][status] POST https://serviceusage.googleapis.com/v1beta1/projects/214671891231/services/pubsub.googleapis.com:generateServiceIdentity 200
[debug] [2025-06-03T20:19:40.425Z] <<< [apiv2][body] POST https://serviceusage.googleapis.com/v1beta1/projects/214671891231/services/pubsub.googleapis.com:generateServiceIdentity {"name":"operations/finished.DONE_OPERATION","done":true,"response":{"@type":"type.googleapis.com/google.api.serviceusage.v1beta1.ServiceIdentity","email":"service-214671891231@gcp-sa-pubsub.iam.gserviceaccount.com","uniqueId":"101839883744611458840"}}
[info] i  functions: ensuring required API secretmanager.googleapis.com is enabled... 
[debug] [2025-06-03T20:19:40.428Z] Checked if tokens are valid: true, expires at: 1748983860282
[debug] [2025-06-03T20:19:40.428Z] Checked if tokens are valid: true, expires at: 1748983860282
[debug] [2025-06-03T20:19:40.428Z] >>> [apiv2][query] GET https://serviceusage.googleapis.com/v1/projects/214671891231/services/secretmanager.googleapis.com [none]
[debug] [2025-06-03T20:19:40.428Z] >>> [apiv2][(partial)header] GET https://serviceusage.googleapis.com/v1/projects/214671891231/services/secretmanager.googleapis.com x-goog-quota-user=projects/214671891231
[debug] [2025-06-03T20:19:40.749Z] <<< [apiv2][status] GET https://serviceusage.googleapis.com/v1/projects/214671891231/services/secretmanager.googleapis.com 200
[debug] [2025-06-03T20:19:40.749Z] <<< [apiv2][body] GET https://serviceusage.googleapis.com/v1/projects/214671891231/services/secretmanager.googleapis.com [omitted]
[info] +  functions: required API secretmanager.googleapis.com is enabled 
[debug] [2025-06-03T20:19:40.752Z] Checked if tokens are valid: true, expires at: 1748983860282
[debug] [2025-06-03T20:19:40.752Z] Checked if tokens are valid: true, expires at: 1748983860282
[debug] [2025-06-03T20:19:40.752Z] Checked if tokens are valid: true, expires at: 1748983860282
[debug] [2025-06-03T20:19:40.752Z] Checked if tokens are valid: true, expires at: 1748983860282
[debug] [2025-06-03T20:19:40.752Z] Checked if tokens are valid: true, expires at: 1748983860282
[debug] [2025-06-03T20:19:40.752Z] Checked if tokens are valid: true, expires at: 1748983860282
[debug] [2025-06-03T20:19:40.753Z] >>> [apiv2][query] GET https://secretmanager.googleapis.com/v1/projects/nicolepages-website/secrets/GMAIL_EMAIL/versions/latest [none]
[debug] [2025-06-03T20:19:40.753Z] >>> [apiv2][query] GET https://secretmanager.googleapis.com/v1/projects/nicolepages-website/secrets/GMAIL_PASS/versions/latest [none]
[debug] [2025-06-03T20:19:40.755Z] >>> [apiv2][query] GET https://secretmanager.googleapis.com/v1/projects/nicolepages-website/secrets/CONTACT_SECRET/versions/latest [none]
[debug] [2025-06-03T20:19:40.907Z] <<< [apiv2][status] GET https://secretmanager.googleapis.com/v1/projects/nicolepages-website/secrets/GMAIL_EMAIL/versions/latest 200
[debug] [2025-06-03T20:19:40.907Z] <<< [apiv2][body] GET https://secretmanager.googleapis.com/v1/projects/nicolepages-website/secrets/GMAIL_EMAIL/versions/latest {"name":"projects/214671891231/secrets/GMAIL_EMAIL/versions/1","createTime":"2025-06-02T22:33:51.881326Z","state":"ENABLED","replicationStatus":{"automatic":{}},"etag":"\"16369e5bb9846e\""}
[debug] [2025-06-03T20:19:40.907Z] Resolved secret version of GMAIL_EMAIL to 1.
[debug] [2025-06-03T20:19:40.954Z] <<< [apiv2][status] GET https://secretmanager.googleapis.com/v1/projects/nicolepages-website/secrets/CONTACT_SECRET/versions/latest 200
[debug] [2025-06-03T20:19:40.954Z] <<< [apiv2][body] GET https://secretmanager.googleapis.com/v1/projects/nicolepages-website/secrets/CONTACT_SECRET/versions/latest {"name":"projects/214671891231/secrets/CONTACT_SECRET/versions/1","createTime":"2025-06-03T00:18:28.073602Z","state":"ENABLED","replicationStatus":{"automatic":{}},"etag":"\"16369fd1d09c82\""}
[debug] [2025-06-03T20:19:40.954Z] Resolved secret version of CONTACT_SECRET to 1.
[debug] [2025-06-03T20:19:40.973Z] <<< [apiv2][status] GET https://secretmanager.googleapis.com/v1/projects/nicolepages-website/secrets/GMAIL_PASS/versions/latest 200
[debug] [2025-06-03T20:19:40.973Z] <<< [apiv2][body] GET https://secretmanager.googleapis.com/v1/projects/nicolepages-website/secrets/GMAIL_PASS/versions/latest {"name":"projects/214671891231/secrets/GMAIL_PASS/versions/2","createTime":"2025-06-02T22:36:28.192311Z","state":"ENABLED","replicationStatus":{"automatic":{}},"etag":"\"16369e650aa237\""}
[debug] [2025-06-03T20:19:40.974Z] Resolved secret version of GMAIL_PASS to 2.
[debug] [2025-06-03T20:19:40.974Z] Checked if tokens are valid: true, expires at: 1748983860282
[debug] [2025-06-03T20:19:40.974Z] Checked if tokens are valid: true, expires at: 1748983860282
[debug] [2025-06-03T20:19:40.975Z] >>> [apiv2][query] GET https://serviceusage.googleapis.com/v1/projects/nicolepages-website/services/cloudresourcemanager.googleapis.com [none]
[debug] [2025-06-03T20:19:40.975Z] >>> [apiv2][(partial)header] GET https://serviceusage.googleapis.com/v1/projects/nicolepages-website/services/cloudresourcemanager.googleapis.com x-goog-quota-user=projects/nicolepages-website
[debug] [2025-06-03T20:19:41.282Z] <<< [apiv2][status] GET https://serviceusage.googleapis.com/v1/projects/nicolepages-website/services/cloudresourcemanager.googleapis.com 200
[debug] [2025-06-03T20:19:41.282Z] <<< [apiv2][body] GET https://serviceusage.googleapis.com/v1/projects/nicolepages-website/services/cloudresourcemanager.googleapis.com [omitted]
[debug] [2025-06-03T20:19:41.282Z] Checked if tokens are valid: true, expires at: 1748983860282
[debug] [2025-06-03T20:19:41.282Z] Checked if tokens are valid: true, expires at: 1748983860282
[debug] [2025-06-03T20:19:41.282Z] >>> [apiv2][query] GET https://cloudresourcemanager.googleapis.com/v1/projects/nicolepages-website [none]
[debug] [2025-06-03T20:19:41.943Z] <<< [apiv2][status] GET https://cloudresourcemanager.googleapis.com/v1/projects/nicolepages-website 200
[debug] [2025-06-03T20:19:41.944Z] <<< [apiv2][body] GET https://cloudresourcemanager.googleapis.com/v1/projects/nicolepages-website {"projectNumber":"214671891231","projectId":"nicolepages-website","lifecycleState":"ACTIVE","name":"NicolePages-website","labels":{"firebase":"enabled","firebase-core":"disabled"},"createTime":"2025-02-22T11:40:01.703852Z"}
[debug] [2025-06-03T20:19:41.945Z] Checked if tokens are valid: true, expires at: 1748983860282
[debug] [2025-06-03T20:19:41.945Z] Checked if tokens are valid: true, expires at: 1748983860282
[debug] [2025-06-03T20:19:41.945Z] >>> [apiv2][query] GET https://compute.googleapis.com/compute/v1/projects/214671891231 [none]
[debug] [2025-06-03T20:19:42.134Z] <<< [apiv2][status] GET https://compute.googleapis.com/compute/v1/projects/214671891231 403
[debug] [2025-06-03T20:19:42.134Z] <<< [apiv2][body] GET https://compute.googleapis.com/compute/v1/projects/214671891231 {"error":{"code":403,"message":"Compute Engine API has not been used in project 214671891231 before or it is disabled. Enable it by visiting https://console.developers.google.com/apis/api/compute.googleapis.com/overview?project=214671891231 then retry. If you enabled this API recently, wait a few minutes for the action to propagate to our systems and retry.","errors":[{"message":"Compute Engine API has not been used in project 214671891231 before or it is disabled. Enable it by visiting https://console.developers.google.com/apis/api/compute.googleapis.com/overview?project=214671891231 then retry. If you enabled this API recently, wait a few minutes for the action to propagate to our systems and retry.","domain":"usageLimits","reason":"accessNotConfigured","extendedHelp":"https://console.developers.google.com"}],"status":"PERMISSION_DENIED","details":[{"@type":"type.googleapis.com/google.rpc.ErrorInfo","reason":"SERVICE_DISABLED","domain":"googleapis.com","metadata":{"consumer":"projects/214671891231","service":"compute.googleapis.com","activationUrl":"https://console.developers.google.com/apis/api/compute.googleapis.com/overview?project=214671891231","containerInfo":"214671891231","serviceTitle":"Compute Engine API"}},{"@type":"type.googleapis.com/google.rpc.LocalizedMessage","locale":"en-US","message":"Compute Engine API has not been used in project 214671891231 before or it is disabled. Enable it by visiting https://console.developers.google.com/apis/api/compute.googleapis.com/overview?project=214671891231 then retry. If you enabled this API recently, wait a few minutes for the action to propagate to our systems and retry."},{"@type":"type.googleapis.com/google.rpc.Help","links":[{"description":"Google developers console API activation","url":"https://console.developers.google.com/apis/api/compute.googleapis.com/overview?project=214671891231"}]}]}}
[debug] [2025-06-03T20:19:42.136Z] unable to look up default compute service account. Falling back to 214671891231-compute@developer.gserviceaccount.com. Error: {"name":"FirebaseError","children":[],"context":{"body":{"error":{"code":403,"message":"Compute Engine API has not been used in project 214671891231 before or it is disabled. Enable it by visiting https://console.developers.google.com/apis/api/compute.googleapis.com/overview?project=214671891231 then retry. If you enabled this API recently, wait a few minutes for the action to propagate to our systems and retry.","errors":[{"message":"Compute Engine API has not been used in project 214671891231 before or it is disabled. Enable it by visiting https://console.developers.google.com/apis/api/compute.googleapis.com/overview?project=214671891231 then retry. If you enabled this API recently, wait a few minutes for the action to propagate to our systems and retry.","domain":"usageLimits","reason":"accessNotConfigured","extendedHelp":"https://console.developers.google.com"}],"status":"PERMISSION_DENIED","details":[{"@type":"type.googleapis.com/google.rpc.ErrorInfo","reason":"SERVICE_DISABLED","domain":"googleapis.com","metadata":{"consumer":"projects/214671891231","service":"compute.googleapis.com","activationUrl":"https://console.developers.google.com/apis/api/compute.googleapis.com/overview?project=214671891231","containerInfo":"214671891231","serviceTitle":"Compute Engine API"}},{"@type":"type.googleapis.com/google.rpc.LocalizedMessage","locale":"en-US","message":"Compute Engine API has not been used in project 214671891231 before or it is disabled. Enable it by visiting https://console.developers.google.com/apis/api/compute.googleapis.com/overview?project=214671891231 then retry. If you enabled this API recently, wait a few minutes for the action to propagate to our systems and retry."},{"@type":"type.googleapis.com/google.rpc.Help","links":[{"description":"Google developers console API activation","url":"https://console.developers.google.com/apis/api/compute.googleapis.com/overview?project=214671891231"}]}]}},"response":{"statusCode":403}},"exit":1,"message":"Request to https://compute.googleapis.com/compute/v1/projects/214671891231 had HTTP Error: 403, Compute Engine API has not been used in project 214671891231 before or it is disabled. Enable it by visiting https://console.developers.google.com/apis/api/compute.googleapis.com/overview?project=214671891231 then retry. If you enabled this API recently, wait a few minutes for the action to propagate to our systems and retry.","status":403}
[debug] [2025-06-03T20:19:42.138Z] Checked if tokens are valid: true, expires at: 1748983860282
[debug] [2025-06-03T20:19:42.138Z] Checked if tokens are valid: true, expires at: 1748983860282
[debug] [2025-06-03T20:19:42.139Z] >>> [apiv2][query] GET https://cloudbilling.googleapis.com/v1/projects/nicolepages-website/billingInfo [none]
[debug] [2025-06-03T20:19:42.844Z] <<< [apiv2][status] GET https://cloudbilling.googleapis.com/v1/projects/nicolepages-website/billingInfo 200
[debug] [2025-06-03T20:19:42.845Z] <<< [apiv2][body] GET https://cloudbilling.googleapis.com/v1/projects/nicolepages-website/billingInfo {"name":"projects/nicolepages-website/billingInfo","projectId":"nicolepages-website","billingAccountName":"billingAccounts/0115E0-1A3A0D-48D555","billingEnabled":true}
[debug] [2025-06-03T20:19:42.850Z] Checked if tokens are valid: true, expires at: 1748983860282
[debug] [2025-06-03T20:19:42.850Z] Checked if tokens are valid: true, expires at: 1748983860282
[debug] [2025-06-03T20:19:42.851Z] >>> [apiv2][query] POST https://cloudfunctions.googleapis.com/v2/projects/nicolepages-website/locations/europe-west1/functions:generateUploadUrl [none]
[debug] [2025-06-03T20:19:42.979Z] <<< [apiv2][status] POST https://cloudfunctions.googleapis.com/v2/projects/nicolepages-website/locations/europe-west1/functions:generateUploadUrl 200
[debug] [2025-06-03T20:19:42.979Z] <<< [apiv2][body] POST https://cloudfunctions.googleapis.com/v2/projects/nicolepages-website/locations/europe-west1/functions:generateUploadUrl {"uploadUrl":"https://storage.googleapis.com/gcf-v2-uploads-214671891231.europe-west1.cloudfunctions.appspot.com/65e57b07-1c1a-43c1-a9d7-78d35bbbb84a.zip?GoogleAccessId=service-214671891231@gcf-admin-robot.iam.gserviceaccount.com&Expires=1748983784&Signature=GXxRCwEIVpvBCWIA5HntmNwA2cIOWMDqLliQz0rp1MIK5dJw7c%2Bkyj6CDUSizn1mK%2BQdcGaxjteoKtbMvbl2bm%2BK9grjl6P6DsmXrT2uJKyo6YuL9fdM1kTf0Xkkde9W1gbcjU7OhYrpTHIkYzPVMI2OJ8%2BmgV1uKSI58jG6wsYN2ltUeZE8UhpHqMy0lpfLUZIpNM77LcNEUTvGjzreHstIHK1tMuffiIlLSPAc3Z8u8EDhJuywaSZC6iKjP2Uf3UFISgLMhZedLVV8GXz25mp%2FtTy5xhiOCt7T%2FuHogMoEDSh2v4g2uIpXsP%2BWy9cJVS6KXfr0%2B165Y40bnvs9fg%3D%3D","storageSource":{"bucket":"gcf-v2-uploads-214671891231.europe-west1.cloudfunctions.appspot.com","object":"65e57b07-1c1a-43c1-a9d7-78d35bbbb84a.zip"}}
[debug] [2025-06-03T20:19:42.979Z] >>> [apiv2][query] PUT https://storage.googleapis.com/gcf-v2-uploads-214671891231.europe-west1.cloudfunctions.appspot.com/65e57b07-1c1a-43c1-a9d7-78d35bbbb84a.zip GoogleAccessId=service-214671891231%40gcf-admin-robot.iam.gserviceaccount.com&Expires=1748983784&Signature=GXxRCwEIVpvBCWIA5HntmNwA2cIOWMDqLliQz0rp1MIK5dJw7c%2Bkyj6CDUSizn1mK%2BQdcGaxjteoKtbMvbl2bm%2BK9grjl6P6DsmXrT2uJKyo6YuL9fdM1kTf0Xkkde9W1gbcjU7OhYrpTHIkYzPVMI2OJ8%2BmgV1uKSI58jG6wsYN2ltUeZE8UhpHqMy0lpfLUZIpNM77LcNEUTvGjzreHstIHK1tMuffiIlLSPAc3Z8u8EDhJuywaSZC6iKjP2Uf3UFISgLMhZedLVV8GXz25mp%2FtTy5xhiOCt7T%2FuHogMoEDSh2v4g2uIpXsP%2BWy9cJVS6KXfr0%2B165Y40bnvs9fg%3D%3D
[debug] [2025-06-03T20:19:42.979Z] >>> [apiv2][body] PUT https://storage.googleapis.com/gcf-v2-uploads-214671891231.europe-west1.cloudfunctions.appspot.com/65e57b07-1c1a-43c1-a9d7-78d35bbbb84a.zip [stream]
[debug] [2025-06-03T20:19:43.186Z] <<< [apiv2][status] PUT https://storage.googleapis.com/gcf-v2-uploads-214671891231.europe-west1.cloudfunctions.appspot.com/65e57b07-1c1a-43c1-a9d7-78d35bbbb84a.zip 200
[debug] [2025-06-03T20:19:43.186Z] <<< [apiv2][body] PUT https://storage.googleapis.com/gcf-v2-uploads-214671891231.europe-west1.cloudfunctions.appspot.com/65e57b07-1c1a-43c1-a9d7-78d35bbbb84a.zip [omitted]
[info] +  functions: functions folder uploaded successfully 
[info] i  functions: updating Node.js 20 (2nd Gen) function sendMail(europe-west1)... 
[debug] [2025-06-03T20:19:43.190Z] Checked if tokens are valid: true, expires at: 1748983860282
[debug] [2025-06-03T20:19:43.190Z] Checked if tokens are valid: true, expires at: 1748983860282
[debug] [2025-06-03T20:19:43.190Z] >>> [apiv2][query] PATCH https://cloudfunctions.googleapis.com/v2/projects/nicolepages-website/locations/europe-west1/functions/sendMail updateMask=name%2CbuildConfig.runtime%2CbuildConfig.entryPoint%2CbuildConfig.source.storageSource.bucket%2CbuildConfig.source.storageSource.object%2CbuildConfig.environmentVariables%2CbuildConfig.sourceToken%2CserviceConfig.environmentVariables%2CserviceConfig.secretEnvironmentVariables%2CserviceConfig.ingressSettings%2CserviceConfig.timeoutSeconds%2CserviceConfig.serviceAccountEmail%2CserviceConfig.availableMemory%2CserviceConfig.minInstanceCount%2CserviceConfig.maxInstanceCount%2CserviceConfig.maxInstanceRequestConcurrency%2CserviceConfig.availableCpu%2CserviceConfig.vpcConnector%2CserviceConfig.vpcConnectorEgressSettings%2Clabels
[debug] [2025-06-03T20:19:43.190Z] >>> [apiv2][body] PATCH https://cloudfunctions.googleapis.com/v2/projects/nicolepages-website/locations/europe-west1/functions/sendMail {"name":"projects/nicolepages-website/locations/europe-west1/functions/sendMail","buildConfig":{"runtime":"nodejs20","entryPoint":"sendMail","source":{"storageSource":{"bucket":"gcf-v2-uploads-214671891231.europe-west1.cloudfunctions.appspot.com","object":"65e57b07-1c1a-43c1-a9d7-78d35bbbb84a.zip"}},"environmentVariables":{"GOOGLE_NODE_RUN_SCRIPTS":""}},"serviceConfig":{"environmentVariables":{"FIREBASE_CONFIG":"{\"projectId\":\"nicolepages-website\",\"storageBucket\":\"nicolepages-website.firebasestorage.app\"}","GCLOUD_PROJECT":"nicolepages-website","EVENTARC_CLOUD_EVENT_SOURCE":"projects/nicolepages-website/locations/europe-west1/services/sendMail","FUNCTION_TARGET":"sendMail","LOG_EXECUTION_ID":"true"},"secretEnvironmentVariables":[{"key":"GMAIL_EMAIL","secret":"GMAIL_EMAIL","projectId":"nicolepages-website","version":"1"},{"key":"GMAIL_PASS","secret":"GMAIL_PASS","projectId":"nicolepages-website","version":"2"},{"key":"CONTACT_SECRET","secret":"CONTACT_SECRET","projectId":"nicolepages-website","version":"1"}],"ingressSettings":null,"timeoutSeconds":10,"serviceAccountEmail":null,"availableMemory":"256Mi","minInstanceCount":null,"maxInstanceCount":null,"maxInstanceRequestConcurrency":80,"availableCpu":"1","vpcConnector":null,"vpcConnectorEgressSettings":null},"labels":{"deployment-tool":"cli-firebase","firebase-functions-hash":"2487387698c037c12b79dfe07dc2171059ba023f"}}
[debug] [2025-06-03T20:19:44.238Z] <<< [apiv2][status] PATCH https://cloudfunctions.googleapis.com/v2/projects/nicolepages-website/locations/europe-west1/functions/sendMail 200
[debug] [2025-06-03T20:19:44.238Z] <<< [apiv2][body] PATCH https://cloudfunctions.googleapis.com/v2/projects/nicolepages-website/locations/europe-west1/functions/sendMail {"name":"projects/nicolepages-website/locations/europe-west1/operations/operation-1748981984888-636b099ed86c9-5c2a434b-7b145a1a","metadata":{"@type":"type.googleapis.com/google.cloud.functions.v2.OperationMetadata","createTime":"2025-06-03T20:19:45.866057790Z","target":"projects/nicolepages-website/locations/europe-west1/functions/sendMail","verb":"update","cancelRequested":false,"apiVersion":"v2"},"done":false}
[debug] [2025-06-03T20:19:44.239Z] Checked if tokens are valid: true, expires at: 1748983860282
[debug] [2025-06-03T20:19:44.239Z] Checked if tokens are valid: true, expires at: 1748983860282
[debug] [2025-06-03T20:19:44.239Z] >>> [apiv2][query] GET https://cloudfunctions.googleapis.com/v2/projects/nicolepages-website/locations/europe-west1/operations/operation-1748981984888-636b099ed86c9-5c2a434b-7b145a1a [none]
[debug] [2025-06-03T20:19:44.292Z] <<< [apiv2][status] GET https://cloudfunctions.googleapis.com/v2/projects/nicolepages-website/locations/europe-west1/operations/operation-1748981984888-636b099ed86c9-5c2a434b-7b145a1a 200
[debug] [2025-06-03T20:19:44.292Z] <<< [apiv2][body] GET https://cloudfunctions.googleapis.com/v2/projects/nicolepages-website/locations/europe-west1/operations/operation-1748981984888-636b099ed86c9-5c2a434b-7b145a1a {"name":"projects/nicolepages-website/locations/europe-west1/operations/operation-1748981984888-636b099ed86c9-5c2a434b-7b145a1a","metadata":{"@type":"type.googleapis.com/google.cloud.functions.v2.OperationMetadata","createTime":"2025-06-03T20:19:45.866057790Z","target":"projects/nicolepages-website/locations/europe-west1/functions/sendMail","verb":"update","cancelRequested":false,"apiVersion":"v2"},"done":false}
[debug] [2025-06-03T20:19:44.801Z] [update-default-europe-west1-sendMail] Retrying task index 0
[debug] [2025-06-03T20:19:44.801Z] Checked if tokens are valid: true, expires at: 1748983860282
[debug] [2025-06-03T20:19:44.801Z] Checked if tokens are valid: true, expires at: 1748983860282
[debug] [2025-06-03T20:19:44.801Z] >>> [apiv2][query] GET https://cloudfunctions.googleapis.com/v2/projects/nicolepages-website/locations/europe-west1/operations/operation-1748981984888-636b099ed86c9-5c2a434b-7b145a1a [none]
[debug] [2025-06-03T20:19:44.840Z] <<< [apiv2][status] GET https://cloudfunctions.googleapis.com/v2/projects/nicolepages-website/locations/europe-west1/operations/operation-1748981984888-636b099ed86c9-5c2a434b-7b145a1a 200
[debug] [2025-06-03T20:19:44.841Z] <<< [apiv2][body] GET https://cloudfunctions.googleapis.com/v2/projects/nicolepages-website/locations/europe-west1/operations/operation-1748981984888-636b099ed86c9-5c2a434b-7b145a1a {"name":"projects/nicolepages-website/locations/europe-west1/operations/operation-1748981984888-636b099ed86c9-5c2a434b-7b145a1a","metadata":{"@type":"type.googleapis.com/google.cloud.functions.v2.OperationMetadata","createTime":"2025-06-03T20:19:45.866057790Z","target":"projects/nicolepages-website/locations/europe-west1/functions/sendMail","verb":"update","cancelRequested":false,"apiVersion":"v2","requestResource":{"@type":"type.googleapis.com/google.cloud.functions.v2.Function","name":"projects/nicolepages-website/locations/europe-west1/functions/sendMail","buildConfig":{"runtime":"nodejs20","entryPoint":"sendMail","source":{"storageSource":{"bucket":"gcf-v2-sources-214671891231-europe-west1","object":"sendMail/function-source.zip","generation":"1748981985818781"}},"environmentVariables":{"GOOGLE_NODE_RUN_SCRIPTS":""},"dockerRepository":"projects/nicolepages-website/locations/europe-west1/repositories/gcf-artifacts","sourceProvenance":{"resolvedStorageSource":{"bucket":"gcf-v2-sources-214671891231-europe-west1","object":"sendMail/function-source.zip","generation":"1748981815849228"}},"dockerRegistry":"ARTIFACT_REGISTRY","serviceAccount":"projects/nicolepages-website/serviceAccounts/214671891231-compute@developer.gserviceaccount.com","automaticUpdatePolicy":{}},"serviceConfig":{"service":"projects/nicolepages-website/locations/europe-west1/services/sendmail","timeoutSeconds":10,"environmentVariables":{"FIREBASE_CONFIG":"{\"projectId\":\"nicolepages-website\",\"storageBucket\":\"nicolepages-website.firebasestorage.app\"}","GCLOUD_PROJECT":"nicolepages-website","EVENTARC_CLOUD_EVENT_SOURCE":"projects/nicolepages-website/locations/europe-west1/services/sendMail","FUNCTION_TARGET":"sendMail","LOG_EXECUTION_ID":"true"},"ingressSettings":"ALLOW_ALL","uri":"https://sendmail-kxrvy7yceq-ew.a.run.app","serviceAccountEmail":"214671891231-compute@developer.gserviceaccount.com","availableMemory":"256Mi","allTrafficOnLatestRevision":true,"secretEnvironmentVariables":[{"key":"GMAIL_EMAIL","projectId":"nicolepages-website","secret":"GMAIL_EMAIL","version":"1"},{"key":"GMAIL_PASS","projectId":"nicolepages-website","secret":"GMAIL_PASS","version":"2"},{"key":"CONTACT_SECRET","projectId":"nicolepages-website","secret":"CONTACT_SECRET","version":"1"}],"revision":"sendmail-00015-xep","maxInstanceRequestConcurrency":80,"availableCpu":"1"},"state":"ACTIVE","labels":{"deployment-tool":"cloud-console","firebase-functions-hash":"2487387698c037c12b79dfe07dc2171059ba023f"},"environment":"GEN_2","url":"https://europe-west1-nicolepages-website.cloudfunctions.net/sendMail","satisfiesPzi":true},"stages":[{"name":"BUILD","state":"NOT_STARTED"},{"name":"SERVICE","state":"NOT_STARTED"}],"operationType":"UPDATE_FUNCTION"},"done":false}
[debug] [2025-06-03T20:19:45.850Z] [update-default-europe-west1-sendMail] Retrying task index 0
[debug] [2025-06-03T20:19:45.850Z] Checked if tokens are valid: true, expires at: 1748983860282
[debug] [2025-06-03T20:19:45.850Z] Checked if tokens are valid: true, expires at: 1748983860282
[debug] [2025-06-03T20:19:45.850Z] >>> [apiv2][query] GET https://cloudfunctions.googleapis.com/v2/projects/nicolepages-website/locations/europe-west1/operations/operation-1748981984888-636b099ed86c9-5c2a434b-7b145a1a [none]
[debug] [2025-06-03T20:19:45.889Z] <<< [apiv2][status] GET https://cloudfunctions.googleapis.com/v2/projects/nicolepages-website/locations/europe-west1/operations/operation-1748981984888-636b099ed86c9-5c2a434b-7b145a1a 200
[debug] [2025-06-03T20:19:45.889Z] <<< [apiv2][body] GET https://cloudfunctions.googleapis.com/v2/projects/nicolepages-website/locations/europe-west1/operations/operation-1748981984888-636b099ed86c9-5c2a434b-7b145a1a {"name":"projects/nicolepages-website/locations/europe-west1/operations/operation-1748981984888-636b099ed86c9-5c2a434b-7b145a1a","metadata":{"@type":"type.googleapis.com/google.cloud.functions.v2.OperationMetadata","createTime":"2025-06-03T20:19:45.866057790Z","target":"projects/nicolepages-website/locations/europe-west1/functions/sendMail","verb":"update","cancelRequested":false,"apiVersion":"v2","requestResource":{"@type":"type.googleapis.com/google.cloud.functions.v2.Function","name":"projects/nicolepages-website/locations/europe-west1/functions/sendMail","buildConfig":{"runtime":"nodejs20","entryPoint":"sendMail","source":{"storageSource":{"bucket":"gcf-v2-sources-214671891231-europe-west1","object":"sendMail/function-source.zip","generation":"1748981985818781"}},"environmentVariables":{"GOOGLE_NODE_RUN_SCRIPTS":""},"dockerRepository":"projects/nicolepages-website/locations/europe-west1/repositories/gcf-artifacts","sourceProvenance":{"resolvedStorageSource":{"bucket":"gcf-v2-sources-214671891231-europe-west1","object":"sendMail/function-source.zip","generation":"1748981815849228"}},"dockerRegistry":"ARTIFACT_REGISTRY","serviceAccount":"projects/nicolepages-website/serviceAccounts/214671891231-compute@developer.gserviceaccount.com","automaticUpdatePolicy":{}},"serviceConfig":{"service":"projects/nicolepages-website/locations/europe-west1/services/sendmail","timeoutSeconds":10,"environmentVariables":{"FIREBASE_CONFIG":"{\"projectId\":\"nicolepages-website\",\"storageBucket\":\"nicolepages-website.firebasestorage.app\"}","GCLOUD_PROJECT":"nicolepages-website","EVENTARC_CLOUD_EVENT_SOURCE":"projects/nicolepages-website/locations/europe-west1/services/sendMail","FUNCTION_TARGET":"sendMail","LOG_EXECUTION_ID":"true"},"ingressSettings":"ALLOW_ALL","uri":"https://sendmail-kxrvy7yceq-ew.a.run.app","serviceAccountEmail":"214671891231-compute@developer.gserviceaccount.com","availableMemory":"256Mi","allTrafficOnLatestRevision":true,"secretEnvironmentVariables":[{"key":"GMAIL_EMAIL","projectId":"nicolepages-website","secret":"GMAIL_EMAIL","version":"1"},{"key":"GMAIL_PASS","projectId":"nicolepages-website","secret":"GMAIL_PASS","version":"2"},{"key":"CONTACT_SECRET","projectId":"nicolepages-website","secret":"CONTACT_SECRET","version":"1"}],"revision":"sendmail-00015-xep","maxInstanceRequestConcurrency":80,"availableCpu":"1"},"state":"ACTIVE","labels":{"deployment-tool":"cloud-console","firebase-functions-hash":"2487387698c037c12b79dfe07dc2171059ba023f"},"environment":"GEN_2","url":"https://europe-west1-nicolepages-website.cloudfunctions.net/sendMail","satisfiesPzi":true},"stages":[{"name":"BUILD","message":"Build in progress","state":"IN_PROGRESS","resource":"projects/214671891231/locations/europe-west1/builds/1b0ada74-6a63-4951-a5bb-ed59c5ee2021","resourceUri":"https://console.cloud.google.com/cloud-build/builds;region=europe-west1/1b0ada74-6a63-4951-a5bb-ed59c5ee2021?project=214671891231"},{"name":"SERVICE","state":"NOT_STARTED"}],"operationType":"UPDATE_FUNCTION","buildName":"projects/214671891231/locations/europe-west1/builds/1b0ada74-6a63-4951-a5bb-ed59c5ee2021"},"done":false}
[debug] [2025-06-03T20:19:47.904Z] [update-default-europe-west1-sendMail] Retrying task index 0
[debug] [2025-06-03T20:19:47.904Z] Checked if tokens are valid: true, expires at: 1748983860282
[debug] [2025-06-03T20:19:47.904Z] Checked if tokens are valid: true, expires at: 1748983860282
[debug] [2025-06-03T20:19:47.904Z] >>> [apiv2][query] GET https://cloudfunctions.googleapis.com/v2/projects/nicolepages-website/locations/europe-west1/operations/operation-1748981984888-636b099ed86c9-5c2a434b-7b145a1a [none]
[debug] [2025-06-03T20:19:47.948Z] <<< [apiv2][status] GET https://cloudfunctions.googleapis.com/v2/projects/nicolepages-website/locations/europe-west1/operations/operation-1748981984888-636b099ed86c9-5c2a434b-7b145a1a 200
[debug] [2025-06-03T20:19:47.948Z] <<< [apiv2][body] GET https://cloudfunctions.googleapis.com/v2/projects/nicolepages-website/locations/europe-west1/operations/operation-1748981984888-636b099ed86c9-5c2a434b-7b145a1a {"name":"projects/nicolepages-website/locations/europe-west1/operations/operation-1748981984888-636b099ed86c9-5c2a434b-7b145a1a","metadata":{"@type":"type.googleapis.com/google.cloud.functions.v2.OperationMetadata","createTime":"2025-06-03T20:19:45.866057790Z","target":"projects/nicolepages-website/locations/europe-west1/functions/sendMail","verb":"update","cancelRequested":false,"apiVersion":"v2","requestResource":{"@type":"type.googleapis.com/google.cloud.functions.v2.Function","name":"projects/nicolepages-website/locations/europe-west1/functions/sendMail","buildConfig":{"runtime":"nodejs20","entryPoint":"sendMail","source":{"storageSource":{"bucket":"gcf-v2-sources-214671891231-europe-west1","object":"sendMail/function-source.zip","generation":"1748981985818781"}},"environmentVariables":{"GOOGLE_NODE_RUN_SCRIPTS":""},"dockerRepository":"projects/nicolepages-website/locations/europe-west1/repositories/gcf-artifacts","sourceProvenance":{"resolvedStorageSource":{"bucket":"gcf-v2-sources-214671891231-europe-west1","object":"sendMail/function-source.zip","generation":"1748981815849228"}},"dockerRegistry":"ARTIFACT_REGISTRY","serviceAccount":"projects/nicolepages-website/serviceAccounts/214671891231-compute@developer.gserviceaccount.com","automaticUpdatePolicy":{}},"serviceConfig":{"service":"projects/nicolepages-website/locations/europe-west1/services/sendmail","timeoutSeconds":10,"environmentVariables":{"FIREBASE_CONFIG":"{\"projectId\":\"nicolepages-website\",\"storageBucket\":\"nicolepages-website.firebasestorage.app\"}","GCLOUD_PROJECT":"nicolepages-website","EVENTARC_CLOUD_EVENT_SOURCE":"projects/nicolepages-website/locations/europe-west1/services/sendMail","FUNCTION_TARGET":"sendMail","LOG_EXECUTION_ID":"true"},"ingressSettings":"ALLOW_ALL","uri":"https://sendmail-kxrvy7yceq-ew.a.run.app","serviceAccountEmail":"214671891231-compute@developer.gserviceaccount.com","availableMemory":"256Mi","allTrafficOnLatestRevision":true,"secretEnvironmentVariables":[{"key":"GMAIL_EMAIL","projectId":"nicolepages-website","secret":"GMAIL_EMAIL","version":"1"},{"key":"GMAIL_PASS","projectId":"nicolepages-website","secret":"GMAIL_PASS","version":"2"},{"key":"CONTACT_SECRET","projectId":"nicolepages-website","secret":"CONTACT_SECRET","version":"1"}],"revision":"sendmail-00015-xep","maxInstanceRequestConcurrency":80,"availableCpu":"1"},"state":"ACTIVE","labels":{"deployment-tool":"cloud-console","firebase-functions-hash":"2487387698c037c12b79dfe07dc2171059ba023f"},"environment":"GEN_2","url":"https://europe-west1-nicolepages-website.cloudfunctions.net/sendMail","satisfiesPzi":true},"stages":[{"name":"BUILD","message":"Build in progress","state":"IN_PROGRESS","resource":"projects/214671891231/locations/europe-west1/builds/1b0ada74-6a63-4951-a5bb-ed59c5ee2021","resourceUri":"https://console.cloud.google.com/cloud-build/builds;region=europe-west1/1b0ada74-6a63-4951-a5bb-ed59c5ee2021?project=214671891231"},{"name":"SERVICE","state":"NOT_STARTED"}],"operationType":"UPDATE_FUNCTION","buildName":"projects/214671891231/locations/europe-west1/builds/1b0ada74-6a63-4951-a5bb-ed59c5ee2021"},"done":false}
[debug] [2025-06-03T20:19:51.959Z] [update-default-europe-west1-sendMail] Retrying task index 0
[debug] [2025-06-03T20:19:51.959Z] Checked if tokens are valid: true, expires at: 1748983860282
[debug] [2025-06-03T20:19:51.959Z] Checked if tokens are valid: true, expires at: 1748983860282
[debug] [2025-06-03T20:19:51.960Z] >>> [apiv2][query] GET https://cloudfunctions.googleapis.com/v2/projects/nicolepages-website/locations/europe-west1/operations/operation-1748981984888-636b099ed86c9-5c2a434b-7b145a1a [none]
[debug] [2025-06-03T20:19:52.038Z] <<< [apiv2][status] GET https://cloudfunctions.googleapis.com/v2/projects/nicolepages-website/locations/europe-west1/operations/operation-1748981984888-636b099ed86c9-5c2a434b-7b145a1a 200
[debug] [2025-06-03T20:19:52.039Z] <<< [apiv2][body] GET https://cloudfunctions.googleapis.com/v2/projects/nicolepages-website/locations/europe-west1/operations/operation-1748981984888-636b099ed86c9-5c2a434b-7b145a1a {"name":"projects/nicolepages-website/locations/europe-west1/operations/operation-1748981984888-636b099ed86c9-5c2a434b-7b145a1a","metadata":{"@type":"type.googleapis.com/google.cloud.functions.v2.OperationMetadata","createTime":"2025-06-03T20:19:45.866057790Z","target":"projects/nicolepages-website/locations/europe-west1/functions/sendMail","verb":"update","cancelRequested":false,"apiVersion":"v2","requestResource":{"@type":"type.googleapis.com/google.cloud.functions.v2.Function","name":"projects/nicolepages-website/locations/europe-west1/functions/sendMail","buildConfig":{"runtime":"nodejs20","entryPoint":"sendMail","source":{"storageSource":{"bucket":"gcf-v2-sources-214671891231-europe-west1","object":"sendMail/function-source.zip","generation":"1748981985818781"}},"environmentVariables":{"GOOGLE_NODE_RUN_SCRIPTS":""},"dockerRepository":"projects/nicolepages-website/locations/europe-west1/repositories/gcf-artifacts","sourceProvenance":{"resolvedStorageSource":{"bucket":"gcf-v2-sources-214671891231-europe-west1","object":"sendMail/function-source.zip","generation":"1748981815849228"}},"dockerRegistry":"ARTIFACT_REGISTRY","serviceAccount":"projects/nicolepages-website/serviceAccounts/214671891231-compute@developer.gserviceaccount.com","automaticUpdatePolicy":{}},"serviceConfig":{"service":"projects/nicolepages-website/locations/europe-west1/services/sendmail","timeoutSeconds":10,"environmentVariables":{"FIREBASE_CONFIG":"{\"projectId\":\"nicolepages-website\",\"storageBucket\":\"nicolepages-website.firebasestorage.app\"}","GCLOUD_PROJECT":"nicolepages-website","EVENTARC_CLOUD_EVENT_SOURCE":"projects/nicolepages-website/locations/europe-west1/services/sendMail","FUNCTION_TARGET":"sendMail","LOG_EXECUTION_ID":"true"},"ingressSettings":"ALLOW_ALL","uri":"https://sendmail-kxrvy7yceq-ew.a.run.app","serviceAccountEmail":"214671891231-compute@developer.gserviceaccount.com","availableMemory":"256Mi","allTrafficOnLatestRevision":true,"secretEnvironmentVariables":[{"key":"GMAIL_EMAIL","projectId":"nicolepages-website","secret":"GMAIL_EMAIL","version":"1"},{"key":"GMAIL_PASS","projectId":"nicolepages-website","secret":"GMAIL_PASS","version":"2"},{"key":"CONTACT_SECRET","projectId":"nicolepages-website","secret":"CONTACT_SECRET","version":"1"}],"revision":"sendmail-00015-xep","maxInstanceRequestConcurrency":80,"availableCpu":"1"},"state":"ACTIVE","labels":{"deployment-tool":"cloud-console","firebase-functions-hash":"2487387698c037c12b79dfe07dc2171059ba023f"},"environment":"GEN_2","url":"https://europe-west1-nicolepages-website.cloudfunctions.net/sendMail","satisfiesPzi":true},"stages":[{"name":"BUILD","message":"Build in progress","state":"IN_PROGRESS","resource":"projects/214671891231/locations/europe-west1/builds/1b0ada74-6a63-4951-a5bb-ed59c5ee2021","resourceUri":"https://console.cloud.google.com/cloud-build/builds;region=europe-west1/1b0ada74-6a63-4951-a5bb-ed59c5ee2021?project=214671891231"},{"name":"SERVICE","state":"NOT_STARTED"}],"operationType":"UPDATE_FUNCTION","buildName":"projects/214671891231/locations/europe-west1/builds/1b0ada74-6a63-4951-a5bb-ed59c5ee2021"},"done":false}
[debug] [2025-06-03T20:20:00.050Z] [update-default-europe-west1-sendMail] Retrying task index 0
[debug] [2025-06-03T20:20:00.051Z] Checked if tokens are valid: true, expires at: 1748983860282
[debug] [2025-06-03T20:20:00.051Z] Checked if tokens are valid: true, expires at: 1748983860282
[debug] [2025-06-03T20:20:00.051Z] >>> [apiv2][query] GET https://cloudfunctions.googleapis.com/v2/projects/nicolepages-website/locations/europe-west1/operations/operation-1748981984888-636b099ed86c9-5c2a434b-7b145a1a [none]
[debug] [2025-06-03T20:20:00.174Z] <<< [apiv2][status] GET https://cloudfunctions.googleapis.com/v2/projects/nicolepages-website/locations/europe-west1/operations/operation-1748981984888-636b099ed86c9-5c2a434b-7b145a1a 200
[debug] [2025-06-03T20:20:00.175Z] <<< [apiv2][body] GET https://cloudfunctions.googleapis.com/v2/projects/nicolepages-website/locations/europe-west1/operations/operation-1748981984888-636b099ed86c9-5c2a434b-7b145a1a {"name":"projects/nicolepages-website/locations/europe-west1/operations/operation-1748981984888-636b099ed86c9-5c2a434b-7b145a1a","metadata":{"@type":"type.googleapis.com/google.cloud.functions.v2.OperationMetadata","createTime":"2025-06-03T20:19:45.866057790Z","target":"projects/nicolepages-website/locations/europe-west1/functions/sendMail","verb":"update","cancelRequested":false,"apiVersion":"v2","requestResource":{"@type":"type.googleapis.com/google.cloud.functions.v2.Function","name":"projects/nicolepages-website/locations/europe-west1/functions/sendMail","buildConfig":{"runtime":"nodejs20","entryPoint":"sendMail","source":{"storageSource":{"bucket":"gcf-v2-sources-214671891231-europe-west1","object":"sendMail/function-source.zip","generation":"1748981985818781"}},"environmentVariables":{"GOOGLE_NODE_RUN_SCRIPTS":""},"dockerRepository":"projects/nicolepages-website/locations/europe-west1/repositories/gcf-artifacts","sourceProvenance":{"resolvedStorageSource":{"bucket":"gcf-v2-sources-214671891231-europe-west1","object":"sendMail/function-source.zip","generation":"1748981815849228"}},"dockerRegistry":"ARTIFACT_REGISTRY","serviceAccount":"projects/nicolepages-website/serviceAccounts/214671891231-compute@developer.gserviceaccount.com","automaticUpdatePolicy":{}},"serviceConfig":{"service":"projects/nicolepages-website/locations/europe-west1/services/sendmail","timeoutSeconds":10,"environmentVariables":{"FIREBASE_CONFIG":"{\"projectId\":\"nicolepages-website\",\"storageBucket\":\"nicolepages-website.firebasestorage.app\"}","GCLOUD_PROJECT":"nicolepages-website","EVENTARC_CLOUD_EVENT_SOURCE":"projects/nicolepages-website/locations/europe-west1/services/sendMail","FUNCTION_TARGET":"sendMail","LOG_EXECUTION_ID":"true"},"ingressSettings":"ALLOW_ALL","uri":"https://sendmail-kxrvy7yceq-ew.a.run.app","serviceAccountEmail":"214671891231-compute@developer.gserviceaccount.com","availableMemory":"256Mi","allTrafficOnLatestRevision":true,"secretEnvironmentVariables":[{"key":"GMAIL_EMAIL","projectId":"nicolepages-website","secret":"GMAIL_EMAIL","version":"1"},{"key":"GMAIL_PASS","projectId":"nicolepages-website","secret":"GMAIL_PASS","version":"2"},{"key":"CONTACT_SECRET","projectId":"nicolepages-website","secret":"CONTACT_SECRET","version":"1"}],"revision":"sendmail-00015-xep","maxInstanceRequestConcurrency":80,"availableCpu":"1"},"state":"ACTIVE","labels":{"deployment-tool":"cloud-console","firebase-functions-hash":"2487387698c037c12b79dfe07dc2171059ba023f"},"environment":"GEN_2","url":"https://europe-west1-nicolepages-website.cloudfunctions.net/sendMail","satisfiesPzi":true},"stages":[{"name":"BUILD","message":"Build in progress","state":"IN_PROGRESS","resource":"projects/214671891231/locations/europe-west1/builds/1b0ada74-6a63-4951-a5bb-ed59c5ee2021","resourceUri":"https://console.cloud.google.com/cloud-build/builds;region=europe-west1/1b0ada74-6a63-4951-a5bb-ed59c5ee2021?project=214671891231"},{"name":"SERVICE","state":"NOT_STARTED"}],"operationType":"UPDATE_FUNCTION","buildName":"projects/214671891231/locations/europe-west1/builds/1b0ada74-6a63-4951-a5bb-ed59c5ee2021"},"done":false}
[debug] [2025-06-03T20:20:10.180Z] [update-default-europe-west1-sendMail] Retrying task index 0
[debug] [2025-06-03T20:20:10.181Z] Checked if tokens are valid: true, expires at: 1748983860282
[debug] [2025-06-03T20:20:10.181Z] Checked if tokens are valid: true, expires at: 1748983860282
[debug] [2025-06-03T20:20:10.181Z] >>> [apiv2][query] GET https://cloudfunctions.googleapis.com/v2/projects/nicolepages-website/locations/europe-west1/operations/operation-1748981984888-636b099ed86c9-5c2a434b-7b145a1a [none]
[debug] [2025-06-03T20:20:10.258Z] <<< [apiv2][status] GET https://cloudfunctions.googleapis.com/v2/projects/nicolepages-website/locations/europe-west1/operations/operation-1748981984888-636b099ed86c9-5c2a434b-7b145a1a 200
[debug] [2025-06-03T20:20:10.258Z] <<< [apiv2][body] GET https://cloudfunctions.googleapis.com/v2/projects/nicolepages-website/locations/europe-west1/operations/operation-1748981984888-636b099ed86c9-5c2a434b-7b145a1a {"name":"projects/nicolepages-website/locations/europe-west1/operations/operation-1748981984888-636b099ed86c9-5c2a434b-7b145a1a","metadata":{"@type":"type.googleapis.com/google.cloud.functions.v2.OperationMetadata","createTime":"2025-06-03T20:19:45.866057790Z","target":"projects/nicolepages-website/locations/europe-west1/functions/sendMail","verb":"update","cancelRequested":false,"apiVersion":"v2","requestResource":{"@type":"type.googleapis.com/google.cloud.functions.v2.Function","name":"projects/nicolepages-website/locations/europe-west1/functions/sendMail","buildConfig":{"runtime":"nodejs20","entryPoint":"sendMail","source":{"storageSource":{"bucket":"gcf-v2-sources-214671891231-europe-west1","object":"sendMail/function-source.zip","generation":"1748981985818781"}},"environmentVariables":{"GOOGLE_NODE_RUN_SCRIPTS":""},"dockerRepository":"projects/nicolepages-website/locations/europe-west1/repositories/gcf-artifacts","sourceProvenance":{"resolvedStorageSource":{"bucket":"gcf-v2-sources-214671891231-europe-west1","object":"sendMail/function-source.zip","generation":"1748981815849228"}},"dockerRegistry":"ARTIFACT_REGISTRY","serviceAccount":"projects/nicolepages-website/serviceAccounts/214671891231-compute@developer.gserviceaccount.com","automaticUpdatePolicy":{}},"serviceConfig":{"service":"projects/nicolepages-website/locations/europe-west1/services/sendmail","timeoutSeconds":10,"environmentVariables":{"FIREBASE_CONFIG":"{\"projectId\":\"nicolepages-website\",\"storageBucket\":\"nicolepages-website.firebasestorage.app\"}","GCLOUD_PROJECT":"nicolepages-website","EVENTARC_CLOUD_EVENT_SOURCE":"projects/nicolepages-website/locations/europe-west1/services/sendMail","FUNCTION_TARGET":"sendMail","LOG_EXECUTION_ID":"true"},"ingressSettings":"ALLOW_ALL","uri":"https://sendmail-kxrvy7yceq-ew.a.run.app","serviceAccountEmail":"214671891231-compute@developer.gserviceaccount.com","availableMemory":"256Mi","allTrafficOnLatestRevision":true,"secretEnvironmentVariables":[{"key":"GMAIL_EMAIL","projectId":"nicolepages-website","secret":"GMAIL_EMAIL","version":"1"},{"key":"GMAIL_PASS","projectId":"nicolepages-website","secret":"GMAIL_PASS","version":"2"},{"key":"CONTACT_SECRET","projectId":"nicolepages-website","secret":"CONTACT_SECRET","version":"1"}],"revision":"sendmail-00015-xep","maxInstanceRequestConcurrency":80,"availableCpu":"1"},"state":"ACTIVE","labels":{"deployment-tool":"cloud-console","firebase-functions-hash":"2487387698c037c12b79dfe07dc2171059ba023f"},"environment":"GEN_2","url":"https://europe-west1-nicolepages-website.cloudfunctions.net/sendMail","satisfiesPzi":true},"stages":[{"name":"BUILD","message":"Build in progress","state":"IN_PROGRESS","resource":"projects/214671891231/locations/europe-west1/builds/1b0ada74-6a63-4951-a5bb-ed59c5ee2021","resourceUri":"https://console.cloud.google.com/cloud-build/builds;region=europe-west1/1b0ada74-6a63-4951-a5bb-ed59c5ee2021?project=214671891231"},{"name":"SERVICE","state":"NOT_STARTED"}],"operationType":"UPDATE_FUNCTION","buildName":"projects/214671891231/locations/europe-west1/builds/1b0ada74-6a63-4951-a5bb-ed59c5ee2021"},"done":false}
